matchdate: 2025-12-08 04:16:45 UTC
The match has begun!
fe4r accepts Trismegist0s's shaft
blaze was smeared by Pred's quad rocket
(blaze): >&cf00blz dropped&r &cf31rl-pack&r &cf00[&cffftunnel-lg&cf00]&r &cf551&r
Trismegist0s gets a natural disaster from Pred
blaze was gibbed by fe4r's rocket
(blaze): >&cf00blz dropped&r &cf31rl-pack&r &cf00[&cfffgl-tele&cf00]&r &cf551&r
blaze accepts Pred's shaft
(blaze): >&cf00blz lost&r &cf00[&cf55middle&cf00]&r &cf551&r
blaze accepts fe4r's shaft
(blaze): >&cf00blz lost&r &cf00[&cf55ra&cf00]&r &cf552&r
Trismegist0s was smeared by Pred's quad rocket
Trismegist0s was brutalized by Pred's quad rocket
Pred rides blaze's rocket
fe4r gets a frag for the other team
Trismegist0s was gibbed by Pred's rocket
Trismegist0s rides fe4r's rocket
Trismegist0s was gibbed by fe4r's rocket
Trismegist0s was gibbed by Pred's rocket
Trismegist0s was gibbed by Pred's rocket
[9] minutes remaining
Team [blue] leads by 9 frags
fe4r rides blaze's rocket
blaze rips Pred a new one
blaze rides Pred's rocket
(blaze): >&cf00blz dropped&r &cf31rl-pack&r &cf00[&cfffquad&cf00]&r &cf551&r
Trismegist0s rides fe4r's rocket
fe4r accepts Trismegist0s's shaft
fe4r was gibbed by blaze's rocket
blaze ate 2 loads of fe4r's buckshot
(blaze): >&cf00blz dropped&r &cf31rl-pack&r &cf00[&cfffra-ledge&cf00]&r &cf551&r
(blaze): >&cf00blz dropped&r &cf31rl-pack&r &cf00[&cfffra-ledge&cf00]&r &cf551&r
Trismegist0s rides Pred's rocket
blaze was gibbed by Pred's rocket
(blaze): >&cf00blz dropped&r &cf31rl-pack&r &cf00[&cfffra&cf00]&r &cf552&r
Trismegist0s accepts Pred's shaft
fe4r rides blaze's rocket
Trismegist0s eats fe4r's pineapple
fe4r accepts blaze's shaft
fe4r accepts blaze's shaft
Pred accepts blaze's shaft
[8] minutes remaining
Team [blue] leads by 8 frags
fe4r rides blaze's rocket
Pred rides blaze's rocket
fe4r rides Trismegist0s's rocket
Pred was smeared by blaze's quad rocket
fe4r:  you jackass
(blaze): >&c1ff>&r &cff0ya&cfff &c999at&r [tele-ya]
Pred accepts blaze's shaft
(blaze): >&c1ff>&r &cff0ya&cfff &c999at&r [tele-ya]
fe4r:  why did you miss that
Pred: idk
fe4r accepts blaze's shaft
Pred: old hands
Pred was smeared by blaze's quad rocket
(blaze): >&c1ff>&r &cff0ya&cfff &c999at&r [tele-ya]
(blaze): >&c1ff>&r &cff0ya&cfff &c999at&r [tele-ya]
fe4r was brutalized by blaze's quad rocket
fe4r accepts blaze's shaft
Pred was gibbed by Trismegist0s's rocket
Pred accepts blaze's shaft
fe4r accepts blaze's shaft
Pred checks his glasses
Trismegist0s accepts Pred's shaft
Pred accepts blaze's shaft
[7] minutes remaining
Team [red] leads by 5 frags
Trismegist0s accepts fe4r's shaft
Trismegist0s rides fe4r's rocket
fe4r rides blaze's rocket
fe4r eats blaze's pineapple
fe4r was brutalized by blaze's quad rocket
Trismegist0s was gibbed by fe4r's rocket
Trismegist0s rides fe4r's rocket
fe4r accepts blaze's shaft
Trismegist0s accepts Pred's shaft
blaze mows down a teammate
fe4r was gibbed by blaze's rocket
Trismegist0s rides Pred's rocket
fe4r accepts blaze's shaft
blaze accepts Pred's shaft
fe4r rides blaze's rocket
(blaze): >&cf00blz dropped&r &cf31rl-pack&r &cf00[&cfffra&cf00]&r &cf552&r
Trismegist0s rides Pred's rocket
blaze accepts fe4r's shaft
[6] minutes remaining
Team [red] leads by 2 frags
(blaze): >&cf00blz lost&r &cf00[&cf55quad&cf00]&r &cf551&r
(blaze): >&cf00blz lost&r &cf00[&cf55quad&cf00]&r &cf551&r
Trismegist0s accepts fe4r's shaft
no weapon
Pred: LFG!
fe4r eats Trismegist0s's pineapple
Pred rips Trismegist0s a new one
Trismegist0s accepts Pred's shaft
Trismegist0s accepts Pred's shaft
blaze mows down a teammate
Trismegist0s accepts Pred's shaft
blaze rides fe4r's rocket
(blaze): >&cf00blz dropped&r &cf31rl-pack&r &cf00[&cfffgl&cf00]&r &cf552&r
(blaze): >&cf00blz dropped&r &cf31rl-pack&r &cf00[&cfffgl&cf00]&r &cf552&r
Trismegist0s accepts fe4r's shaft
Pred mows down a teammate
Trismegist0s accepts Pred's shaft
Pred accepts blaze's shaft
Trismegist0s rides fe4r's rocket
Pred: LFG!
no weapon
blaze accepts fe4r's shaft
(blaze): >&cf00blz lost&r &cf00[&cf55gl-ledge&cf00]&r &cf552&r
blaze tries to put the pin back in
(blaze): >&cf00blz lost&r &cf00[&cf55gl-ledge&cf00]&r &cf551&r
(blaze): >&cf00blz lost&r &cf00[&cf55gl-ledge&cf00]&r &cf551&r
Trismegist0s was gibbed by Pred's rocket
Trismegist0s rides Pred's rocket
[5] minutes remaining
Team [blue] leads by 9 frags
fe4r rides blaze's rocket
fe4r accepts blaze's shaft
fe4r accepts blaze's shaft
Pred loses another friend
blaze gets a natural disaster from Pred
(blaze): >&cf00blz dropped&r &c29flg-pack:80&r &cf00[&cfffquad-low&cf00]&r &cf551&r
blaze was smeared by Pred's quad rocket
(blaze): >&cf00blz dropped&r &cf31rl-pack&r &cf00[&cfffmiddle-mega&cf00]&r &cf551&r
blaze rides fe4r's rocket
Pred checks his glasses
(blaze): >&cf00blz lost&r &cf00[&cf55tele-ya&cf00]&r &cf552&r
blaze accepts Pred's shaft
(blaze): >&cf00blz lost&r &cf00[&cf55middle&cf00]&r &cf551&r
Trismegist0s gets a natural disaster from Pred
fe4r:  ................
blaze accepts Pred's shaft
(blaze): >&cf00blz lost&r &cf00[&cf55gl-ledge&cf00]&r &cf552&r
Trismegist0s was brutalized by Pred's quad rocket
blaze accepts Pred's shaft
(blaze): >&cf00blz dropped&r &cf31rl-pack&r &cf00[&cfffmiddle-mega&cf00]&r &cf552&r
blaze accepts Pred's shaft
(blaze): >&cf00blz lost&r &cf00[&cf55middle&cf00]&r &cf551&r
blaze accepts Pred's shaft
(blaze): >&cf00blz lost&r &cf00[&cf55middle&cf00]&r &cf551&r
(blaze): >&cf00blz lost&r &cf00[&cf55middle&cf00]&r &cf551&r
Trismegist0s was smeared by Pred's quad rocket
Trismegist0s accepts fe4r's shaft
Pred rides blaze's rocket
Trismegist0s accepts fe4r's shaft
Trismegist0s was gibbed by fe4r's rocket
Pred rides blaze's rocket
[4] minutes remaining
Team [blue] leads by 16 frags
Trismegist0s rides fe4r's rocket
Trismegist0s accepts fe4r's shaft
fe4r accepts blaze's shaft
blaze was gibbed by fe4r's rocket
(blaze): >&cf00blz dropped&r &c29flg-pack:83&r &cf00[&cffftunnel-lg&cf00]&r &cf551&r
fe4r chewed on blaze's boomstick
fe4r rides Trismegist0s's rocket
fe4r rides blaze's rocket
Pred was gibbed by Trismegist0s's rocket
Trismegist0s discovers blast radius
Pred rides blaze's rocket
Pred accepts Trismegist0s's shaft
fe4r accepts blaze's shaft
Pred accepts blaze's shaft
blaze rides fe4r's rocket
(blaze): >&cf00blz dropped&r &c29flg-pack:53&r &cf00[&cfffgl&cf00]&r &cf552&r
Trismegist0s ate 2 loads of fe4r's buckshot
[3] minutes remaining
Team [blue] leads by 13 frags
blaze rides Pred's rocket
(blaze): >&cf00blz dropped&r &c29flg-pack:45&r &cf00[&cffftele&cf00]&r &cf551&r
Pred was gibbed by Trismegist0s's rocket
Pred accepts blaze's shaft
blaze accepts fe4r's shaft
(blaze): >&cf00blz lost&r &cf00[&cf55quad-low&cf00]&r &cf551&r
Pred rides blaze's rocket
blaze was brutalized by fe4r's quad rocket
(blaze): >&cf00blz dropped&r &cf31rl-pack&r &cf00[&cfffgl-tele&cf00]&r &cf551&r
Trismegist0s gets a natural disaster from fe4r
blaze accepts fe4r's shaft
Trismegist0s rides Pred's rocket
(blaze): >&cf00blz lost&r &cf00[&cf55tele-up&cf00]&r &cf551&r
blaze accepts fe4r's shaft
(blaze): >&cf00blz lost&r &cf00[&cf55tunnel-lg&cf00]&r &cf551&r
Trismegist0s was gibbed by Pred's rocket
Trismegist0s was gibbed by Pred's rocket
Trismegist0s gets a natural disaster from fe4r
fe4r gets a frag for the other team
fe4r becomes bored with life
fe4r: apho[ush]p
fe4r: fjdsa
fe4r: F
fe4r: DFS
fe4r: fds
Pred rides blaze's rocket
Trismegist0s accepts fe4r's shaft
Pred accepts blaze's shaft
Trismegist0s accepts fe4r's shaft
Pred was gibbed by blaze's rocket
fe4r accepts blaze's shaft
[2] minutes remaining
Team [blue] leads by 16 frags
fe4r accepts blaze's shaft
Pred was gibbed by Trismegist0s's rocket
fe4r was gibbed by Trismegist0s's rocket
Pred was gibbed by Trismegist0s's rocket
Trismegist0s was gibbed by fe4r's rocket
Trismegist0s rides fe4r's rocket
Trismegist0s eats fe4r's pineapple
Trismegist0s rides fe4r's rocket
Trismegist0s was gibbed by fe4r's rocket
fe4r accepts blaze's shaft
Trismegist0s was gibbed by Pred's rocket
blaze mows down a teammate
Pred gets a natural disaster from blaze
fe4r accepts blaze's shaft
blaze was gibbed by fe4r's rocket
(blaze): >&cf00blz dropped&r &c29flg-pack:79&r &cf00[&cffftele-up&cf00]&r &cf552&r
Trismegist0s rides Pred's rocket
blaze accepts fe4r's shaft
(blaze): >&cf00blz dropped&r &c29flg-pack:29&r &cf00[&cffftunnel-lg&cf00]&r &cf551&r
Trismegist0s was gibbed by Pred's rocket
Trismegist0s accepts fe4r's shaft
[1] minute remaining
Team [blue] leads by 21 frags
Pred was gibbed by blaze's grenade
Pred accepts blaze's shaft
blaze accepts fe4r's shaft
Pred discovers blast radius
(blaze): >&cf00blz dropped&r &cf31rl-pack&r &cf00[&cfffquad-low&cf00]&r &cf551&r
blaze accepts fe4r's shaft
(blaze): >&cf00blz dropped&r &c29flg-pack:8&r &cf00[&cfffspiral&cf00]&r &cf552&r
(blaze): >&cf00blz dropped&r &c29flg-pack:8&r &cf00[&cfffspiral&cf00]&r &cf552&r
blaze was smeared by fe4r's quad rocket
(blaze): >&cf00blz dropped&r &cf31rl-pack&r &cf00[&cfffra-ledge&cf00]&r &cf552&r
Trismegist0s accepts fe4r's shaft
[30] seconds
blaze accepts fe4r's shaft
Trismegist0s accepts fe4r's shaft
(blaze): >&cf00blz dropped&r &c29flg-pack:38&r &cf00[&cfffra&cf00]&r &cf552&r
(blaze): >&cf00blz dropped&r &c29flg-pack:38&r &cf00[&cfffra&cf00]&r &cf552&r
Trismegist0s was gibbed by fe4r's grenade
fe4r accepts blaze's shaft
Trismegist0s rides Pred's rocket
[15] seconds
[10] seconds
[9] seconds
[8] seconds
Trismegist0s was gibbed by fe4r's rocket
[7] seconds
[6] seconds
[5] seconds
[4] seconds
[3] seconds
[2] seconds
[1] second
The match is over

Player statistics:
______________________________________
Frags (rank) friendkills . efficiency
Team [blue]:
__________
_ fe4r:
  47 (7) 2 54.0%
Wp: lg32.2% (91/283) rl31.2% (50/160) gl16.0% sg24.1% (104) ssg14.3% (88)
RL skill: ad:102.6 dh:12
Movement: Perfect strafes:0.0% (0/810) SOCD detections:0/32 [SOCDv2]
Armr&mhs: ga:9 ya:11 ra:3 mh:5
Powerups: Q:2 P:0 R:0
      RL: Took:27 Killed:17 Dropped:19 Xfer:7
      LG: Took:20 Killed:16 Dropped:7 Xfer:1
  Damage: Tkn:6400 Gvn:7009 Tm:551 Self:685 ToDie:160
    Time: Quad:44
Killed Q: Enemy:0 Team:0
Killed R: Enemy:0 Team:0
SSG KILL: Enemy:2 Team:0
 GL KILL: Enemy:3 Team:1
 RL KILL: Enemy:22 Team:1
 LG KILL: Enemy:23 Team:0
 Streaks: Frags:10 QuadRun:7
  SpawnFrags: 5
__________
_ Pred:
  37 (6) 4 54.4%
Wp: lg28.3% (58/205) rl44.5% (53/119) sg28.6% (144) ssg33.9% (76)
RL skill: ad:114.8 dh:9
Movement: Perfect strafes:0.0% (0/424) SOCD detections:0/16 [SOCDv2]
Armr&mhs: ga:8 ya:3 ra:7 mh:4
Powerups: Q:4 P:0 R:0
      RL: Took:20 Killed:13 Dropped:17 Xfer:2
      LG: Took:14 Killed:12 Dropped:4 Xfer:1
  Damage: Tkn:4903 Gvn:6673 Tm:465 Self:511 ToDie:158
    Time: Quad:105
Killed Q: Enemy:1 Team:0
Killed R: Enemy:0 Team:0
 RL KILL: Enemy:25 Team:2
 LG KILL: Enemy:17 Team:2
 Streaks: Frags:12 QuadRun:10
  SpawnFrags: 12

Team [red]:
__________
_ blaze:
  47 (14) 3 58.7%
Wp: lg30.6% (123/402) rl29.5% (54/183) gl13.0% sg40.2% (199) ssg12.5% (28)
RL skill: ad:107.7 dh:13
Movement: Perfect strafes:0.0% (0/992) SOCD detections:0/39 [SOCDv2]
Armr&mhs: ga:6 ya:8 ra:16 mh:5
Powerups: Q:4 P:0 R:0
      RL: Took:19 Killed:34 Dropped:12 Xfer:7
      LG: Took:16 Killed:24 Dropped:8 Xfer:2
  Damage: Tkn:6675 Gvn:8700 Tm:434 Self:1219 ToDie:202
    Time: Quad:90
Killed Q: Enemy:3 Team:0
Killed R: Enemy:0 Team:0
 SG KILL: Enemy:1 Team:0
 GL KILL: Enemy:2 Team:1
 RL KILL: Enemy:22 Team:1
 LG KILL: Enemy:26 Team:1
 Streaks: Frags:21 QuadRun:6
  SpawnFrags: 6
__________
_ Trismegist0s:
  11 (-53) 0 14.7%
Wp: lg17.9% (24/134) rl73.1% (19/26) gl18.8% sg9.5% (264) ssg2.7% (12)
RL skill: ad:89.5 dh:6
Movement: Perfect strafes:0.0% (0/429) SOCD detections:0/17 [SOCDv2]
Armr&mhs: ga:9 ya:3 ra:0 mh:3
Powerups: Q:0 P:0 R:0
      RL: Took:13 Killed:5 Dropped:11 Xfer:2
      LG: Took:14 Killed:5 Dropped:6 Xfer:2
  Damage: Tkn:7007 Gvn:2603 Tm:0 Self:246 ToDie:109
    Time: Quad:0
Killed Q: Enemy:1 Team:0
Killed R: Enemy:0 Team:0
 GL KILL: Enemy:1 Team:0
 RL KILL: Enemy:8 Team:0
 LG KILL: Enemy:3 Team:0
 Streaks: Frags:3 QuadRun:0
  SpawnFrags: 1

______________________________________
[blue] vs [red] match statistics:
______________________________________

weapons, powerups, armors&mhs, damage
______________________________________
[blue]: Wp: lg31% rl21 gl5 sg26% ssg19%
Powerups: Q:6 P:0 R:0
Armr&mhs: ga:17 ya:14 ra:10 mh:9
      RL: Took:47 Killed:30 Dropped:36 Xfer:9
      LG: Took:34 Killed:28 Dropped:11 Xfer:2
  Damage: Tkn:11303 Gvn:13682 Tm:1016
    Time: Quad:150
[red]: Wp: lg27% rl19 gl7 sg14% ssg6%
Powerups: Q:4 P:0 R:0
Armr&mhs: ga:15 ya:11 ra:16 mh:8
      RL: Took:32 Killed:39 Dropped:23 Xfer:9
      LG: Took:30 Killed:29 Dropped:14 Xfer:4
  Damage: Tkn:13682 Gvn:11303 Tm:434
    Time: Quad:90
______________________________________
[ztndm3] top scorers:
______________________________________
      Frags: fe4r [47]
             blaze [47]
     Deaths: Trismegist0s [64]
Friendkills: Pred [4]
 Efficiency: blaze [58.7%]
 FragStreak: blaze [21]
    QuadRun: Pred [10]
   Survivor: blaze [202]
Annihilator: blaze [8700]

______________________________________

Team scores: frags . percentage
______________________________________
[blue]: 84 . 59.2%
[red]: 58 . 40.8%
______________________________________
fe4r: gg
Pred: gg
]gg
Trismegist0s: gg
blaze: gg
